<?xml version="1.0" encoding="UTF-8"?>
<!-- Generated by org.testng.reporters.JUnitXMLReporter -->
<testsuite ignored="0" hostname="Vivek" failures="0" tests="3" name="Default test" time="0.091" errors="0" timestamp="2023-10-09T02:21:25 IST">
  <testcase classname="DependsOnMethod.dependsOn" name="Rocketary" time="0.011"/>
  <testcase classname="DependsOnMethod.dependsOn" name="AbeautifulMind" time="0.002"/>
  <testcase classname="DependsOnMethod.dependsOn" name="ImmitationGame" time="0.003"/>
</testsuite> <!-- Default test -->
